-------------------------------------------------------------------------------
Test set: TestSuite
-------------------------------------------------------------------------------
Tests run: 3, Failures: 1, Errors: 0, Skipped: 0, Time elapsed: 32.242 s <<< FAILURE! - in TestSuite
runScenario(runner.TestRunner)  Time elapsed: 5.513 s  <<< FAILURE!
java.lang.AssertionError: expected [300] but found [200]

