<?xml version="1.0" encoding="UTF-8"?>
<testsuite xmlns:xsi="http://www.w3.org/2001/XMLSchema-instance" xsi:noNamespaceSchemaLocation="https://maven.apache.org/surefire/maven-surefire-plugin/xsd/surefire-test-report.xsd" name="TestSuite" time="32.242" tests="3" errors="0" skipped="0" failures="1">
  <properties>
[...]
</properties>
  <testcase name="runScenario" classname="runner.TestRunner" time="16.769"/>
  <testcase name="runScenario" classname="runner.TestRunner" time="6.228"/>
  <testcase name="runScenario" classname="runner.TestRunner" time="5.513">
    <failure message="expected [300] but found [200]" type="java.lang.AssertionError">java.lang.AssertionError: expected [300] but found [200]
</failure>
    <system-out><![CDATA[Before setup method -- hook
in first function
Access TokenA21AAEmfTEGmQcUBtnL4hBO52E4OCBClpqdHyuAQ3cpXRxlBEf-c2lB5xB4tp31N4xEi0oz5Un-kL0KbDtLj0ayWojzerqH7Q
]]></system-out>
  </testcase>
</testsuite>